<?xml version="1.0" encoding="UTF-8"?>
<testng-results ignored="0" total="2" passed="2" failed="0" skipped="0">
  <reporter-output>
  </reporter-output>
  <suite started-at="2023-10-27T13:50:08 IST" name="Default suite" finished-at="2023-10-27T13:51:14 IST" duration-ms="65520">
    <groups>
    </groups>
    <test started-at="2023-10-27T13:50:08 IST" name="Default test" finished-at="2023-10-27T13:51:14 IST" duration-ms="65520">
      <class name="com.sdet.test.AddToCart">
        <test-method is-config="true" signature="setup()[pri:0, instance:com.sdet.test.AddToCart@1d296da]" started-at="2023-10-27T13:50:01 IST" name="setup" finished-at="2023-10-27T13:50:08 IST" duration-ms="7323" status="PASS">
          <reporter-output>
          </reporter-output>
        </test-method> <!-- setup -->
        <test-method signature="searchProduct()[pri:1, instance:com.sdet.test.AddToCart@1d296da]" started-at="2023-10-27T13:50:08 IST" name="searchProduct" finished-at="2023-10-27T13:50:12 IST" duration-ms="3180" status="PASS">
          <reporter-output>
          </reporter-output>
        </test-method> <!-- searchProduct -->
        <test-method signature="clickFirstItem()[pri:2, instance:com.sdet.test.AddToCart@1d296da]" started-at="2023-10-27T13:50:12 IST" name="clickFirstItem" finished-at="2023-10-27T13:51:14 IST" duration-ms="62232" status="PASS">
          <reporter-output>
          </reporter-output>
        </test-method> <!-- clickFirstItem -->
        <test-method is-config="true" signature="end_test()[pri:0, instance:com.sdet.test.AddToCart@1d296da]" started-at="2023-10-27T13:51:14 IST" name="end_test" finished-at="2023-10-27T13:51:14 IST" duration-ms="346" status="PASS">
          <reporter-output>
          </reporter-output>
        </test-method> <!-- end_test -->
      </class> <!-- com.sdet.test.AddToCart -->
    </test> <!-- Default test -->
  </suite> <!-- Default suite -->
</testng-results>